0 info it worked if it ends with ok
1 verbose cli [ 'C:\\Program Files (x86)\\nodejs\\node.exe',
1 verbose cli   'C:\\Program Files (x86)\\nodejs\\node_modules\\npm\\bin\\npm-cli.js',
1 verbose cli   'publish' ]
2 info using npm@2.15.8
3 info using node@v4.4.7
4 verbose publish [ '.' ]
5 silly cache add args [ '.', null ]
6 verbose cache add spec .
7 silly cache add parsed spec Result {
7 silly cache add   raw: '.',
7 silly cache add   scope: null,
7 silly cache add   name: null,
7 silly cache add   rawSpec: '.',
7 silly cache add   spec: 'C:\\Users\\Cameron\\Documents\\GitHub\\Programming-in-HTML5-with-Javascript-and-CSS3\\Chapter 8 - Websites and Services\\Nodejs Example',
7 silly cache add   type: 'local' }
8 error addLocal Could not install C:\Users\Cameron\Documents\GitHub\Programming-in-HTML5-with-Javascript-and-CSS3\Chapter 8 - Websites and Services\Nodejs Example
9 verbose stack Error: EISDIR: illegal operation on a directory, read
9 verbose stack     at Error (native)
10 verbose cwd C:\Users\Cameron\Documents\GitHub\Programming-in-HTML5-with-Javascript-and-CSS3\Chapter 8 - Websites and Services\Nodejs Example
11 error Windows_NT 10.0.10586
12 error argv "C:\\Program Files (x86)\\nodejs\\node.exe" "C:\\Program Files (x86)\\nodejs\\node_modules\\npm\\bin\\npm-cli.js" "publish"
13 error node v4.4.7
14 error npm  v2.15.8
15 error code EISDIR
16 error errno -4068
17 error syscall read
18 error eisdir EISDIR: illegal operation on a directory, read
18 error eisdir This is most likely not a problem with npm itself
18 error eisdir and is related to npm not being able to find a package.json in
18 error eisdir a package you are trying to install.
19 verbose exit [ -4068, true ]
